Analysis & Synthesis report for alarm_clk_rtl
Mon Sep 30 19:40:43 2024
Quartus Prime Version 23.1std.1 Build 993 05/14/2024 SC Standard Edition


---------------------
; Table of Contents ;
---------------------
  1. Legal Notice
  2. Analysis & Synthesis Summary
  3. Analysis & Synthesis Settings
  4. Parallel Compilation
  5. Analysis & Synthesis Source Files Read
  6. Analysis & Synthesis Resource Usage Summary
  7. Analysis & Synthesis Resource Utilization by Entity
  8. State Machine - |alarm_clk_rtl|aclk_controller:controller|state
  9. Registers Removed During Synthesis
 10. General Register Statistics
 11. Multiplexer Restructuring Statistics (Restructuring Performed)
 12. Parameter Settings for User Entity Instance: aclk_controller:controller
 13. Parameter Settings for User Entity Instance: aclk_lcd_display:lcd_display|aclk_lcd_driver:MS_HR
 14. Parameter Settings for User Entity Instance: aclk_lcd_display:lcd_display|aclk_lcd_driver:LS_HR
 15. Parameter Settings for User Entity Instance: aclk_lcd_display:lcd_display|aclk_lcd_driver:MS_MIN
 16. Parameter Settings for User Entity Instance: aclk_lcd_display:lcd_display|aclk_lcd_driver:LS_MIN
 17. Post-Synthesis Netlist Statistics for Top Partition
 18. Elapsed Time Per Partition
 19. Analysis & Synthesis Messages



----------------
; Legal Notice ;
----------------
Copyright (C) 2024  Intel Corporation. All rights reserved.
Your use of Intel Corporation's design tools, logic functions 
and other software and tools, and any partner logic 
functions, and any output files from any of the foregoing 
(including device programming or simulation files), and any 
associated documentation or information are expressly subject 
to the terms and conditions of the Intel Program License 
Subscription Agreement, the Intel Quartus Prime License Agreement,
the Intel FPGA IP License Agreement, or other applicable license
agreement, including, without limitation, that your use is for
the sole purpose of programming logic devices manufactured by
Intel and sold by Intel or its authorized distributors.  Please
refer to the applicable agreement for further details, at
https://fpgasoftware.intel.com/eula.



+-----------------------------------------------------------------------------------------+
; Analysis & Synthesis Summary                                                            ;
+------------------------------------+----------------------------------------------------+
; Analysis & Synthesis Status        ; Successful - Mon Sep 30 19:40:43 2024              ;
; Quartus Prime Version              ; 23.1std.1 Build 993 05/14/2024 SC Standard Edition ;
; Revision Name                      ; alarm_clk_rtl                                      ;
; Top-level Entity Name              ; alarm_clk_rtl                                      ;
; Family                             ; MAX 10                                             ;
; Total logic elements               ; 183                                                ;
;     Total combinational functions  ; 151                                                ;
;     Dedicated logic registers      ; 79                                                 ;
; Total registers                    ; 79                                                 ;
; Total pins                         ; 42                                                 ;
; Total virtual pins                 ; 0                                                  ;
; Total memory bits                  ; 0                                                  ;
; Embedded Multiplier 9-bit elements ; 0                                                  ;
; Total PLLs                         ; 0                                                  ;
; UFM blocks                         ; 0                                                  ;
; ADC blocks                         ; 0                                                  ;
+------------------------------------+----------------------------------------------------+


+------------------------------------------------------------------------------------------------------------+
; Analysis & Synthesis Settings                                                                              ;
+------------------------------------------------------------------+--------------------+--------------------+
; Option                                                           ; Setting            ; Default Value      ;
+------------------------------------------------------------------+--------------------+--------------------+
; Device                                                           ; 10M08DAF484C8G     ;                    ;
; Top-level entity name                                            ; alarm_clk_rtl      ; alarm_clk_rtl      ;
; Family name                                                      ; MAX 10             ; Cyclone V          ;
; Type of Retiming Performed During Resynthesis                    ; Full               ;                    ;
; Resynthesis Optimization Effort                                  ; Normal             ;                    ;
; Physical Synthesis Level for Resynthesis                         ; Normal             ;                    ;
; Use Generated Physical Constraints File                          ; On                 ;                    ;
; Use smart compilation                                            ; Off                ; Off                ;
; Enable parallel Assembler and Timing Analyzer during compilation ; On                 ; On                 ;
; Enable compact report table                                      ; Off                ; Off                ;
; Restructure Multiplexers                                         ; Auto               ; Auto               ;
; Create Debugging Nodes for IP Cores                              ; Off                ; Off                ;
; Preserve fewer node names                                        ; On                 ; On                 ;
; Intel FPGA IP Evaluation Mode                                    ; Enable             ; Enable             ;
; Verilog Version                                                  ; Verilog_2001       ; Verilog_2001       ;
; VHDL Version                                                     ; VHDL_1993          ; VHDL_1993          ;
; State Machine Processing                                         ; Auto               ; Auto               ;
; Safe State Machine                                               ; Off                ; Off                ;
; Extract Verilog State Machines                                   ; On                 ; On                 ;
; Extract VHDL State Machines                                      ; On                 ; On                 ;
; Ignore Verilog initial constructs                                ; Off                ; Off                ;
; Iteration limit for constant Verilog loops                       ; 5000               ; 5000               ;
; Iteration limit for non-constant Verilog loops                   ; 250                ; 250                ;
; Add Pass-Through Logic to Inferred RAMs                          ; On                 ; On                 ;
; Infer RAMs from Raw Logic                                        ; On                 ; On                 ;
; Parallel Synthesis                                               ; On                 ; On                 ;
; DSP Block Balancing                                              ; Auto               ; Auto               ;
; NOT Gate Push-Back                                               ; On                 ; On                 ;
; Power-Up Don't Care                                              ; On                 ; On                 ;
; Remove Redundant Logic Cells                                     ; Off                ; Off                ;
; Remove Duplicate Registers                                       ; On                 ; On                 ;
; Ignore CARRY Buffers                                             ; Off                ; Off                ;
; Ignore CASCADE Buffers                                           ; Off                ; Off                ;
; Ignore GLOBAL Buffers                                            ; Off                ; Off                ;
; Ignore ROW GLOBAL Buffers                                        ; Off                ; Off                ;
; Ignore LCELL Buffers                                             ; Off                ; Off                ;
; Ignore SOFT Buffers                                              ; On                 ; On                 ;
; Limit AHDL Integers to 32 Bits                                   ; Off                ; Off                ;
; Optimization Technique                                           ; Balanced           ; Balanced           ;
; Carry Chain Length                                               ; 70                 ; 70                 ;
; Auto Carry Chains                                                ; On                 ; On                 ;
; Auto Open-Drain Pins                                             ; On                 ; On                 ;
; Perform WYSIWYG Primitive Resynthesis                            ; Off                ; Off                ;
; Auto ROM Replacement                                             ; On                 ; On                 ;
; Auto RAM Replacement                                             ; On                 ; On                 ;
; Auto DSP Block Replacement                                       ; On                 ; On                 ;
; Auto Shift Register Replacement                                  ; Auto               ; Auto               ;
; Allow Shift Register Merging across Hierarchies                  ; Auto               ; Auto               ;
; Auto Clock Enable Replacement                                    ; On                 ; On                 ;
; Strict RAM Replacement                                           ; Off                ; Off                ;
; Allow Synchronous Control Signals                                ; On                 ; On                 ;
; Force Use of Synchronous Clear Signals                           ; Off                ; Off                ;
; Auto RAM Block Balancing                                         ; On                 ; On                 ;
; Auto RAM to Logic Cell Conversion                                ; Off                ; Off                ;
; Auto Resource Sharing                                            ; Off                ; Off                ;
; Allow Any RAM Size For Recognition                               ; Off                ; Off                ;
; Allow Any ROM Size For Recognition                               ; Off                ; Off                ;
; Allow Any Shift Register Size For Recognition                    ; Off                ; Off                ;
; Use LogicLock Constraints during Resource Balancing              ; On                 ; On                 ;
; Ignore translate_off and synthesis_off directives                ; Off                ; Off                ;
; Timing-Driven Synthesis                                          ; On                 ; On                 ;
; Report Parameter Settings                                        ; On                 ; On                 ;
; Report Source Assignments                                        ; On                 ; On                 ;
; Report Connectivity Checks                                       ; On                 ; On                 ;
; Ignore Maximum Fan-Out Assignments                               ; Off                ; Off                ;
; Synchronization Register Chain Length                            ; 2                  ; 2                  ;
; Power Optimization During Synthesis                              ; Normal compilation ; Normal compilation ;
; HDL message level                                                ; Level2             ; Level2             ;
; Suppress Register Optimization Related Messages                  ; Off                ; Off                ;
; Number of Removed Registers Reported in Synthesis Report         ; 5000               ; 5000               ;
; Number of Swept Nodes Reported in Synthesis Report               ; 5000               ; 5000               ;
; Number of Inverted Registers Reported in Synthesis Report        ; 100                ; 100                ;
; Clock MUX Protection                                             ; On                 ; On                 ;
; Auto Gated Clock Conversion                                      ; Off                ; Off                ;
; Block Design Naming                                              ; Auto               ; Auto               ;
; SDC constraint protection                                        ; Off                ; Off                ;
; Synthesis Effort                                                 ; Auto               ; Auto               ;
; Shift Register Replacement - Allow Asynchronous Clear Signal     ; On                 ; On                 ;
; Pre-Mapping Resynthesis Optimization                             ; Off                ; Off                ;
; Analysis & Synthesis Message Level                               ; Medium             ; Medium             ;
; Disable Register Merging Across Hierarchies                      ; Auto               ; Auto               ;
; Resource Aware Inference For Block RAM                           ; On                 ; On                 ;
+------------------------------------------------------------------+--------------------+--------------------+


+------------------------------------------+
; Parallel Compilation                     ;
+----------------------------+-------------+
; Processors                 ; Number      ;
+----------------------------+-------------+
; Number detected on machine ; 12          ;
; Maximum allowed            ; 8           ;
;                            ;             ;
; Average used               ; 1.00        ;
; Maximum used               ; 8           ;
;                            ;             ;
; Usage by Processor         ; % Time Used ;
;     Processor 1            ; 100.0%      ;
;     Processors 2-8         ;   0.0%      ;
+----------------------------+-------------+


+---------------------------------------------------------------------------------------------------------------------------------------------+
; Analysis & Synthesis Source Files Read                                                                                                      ;
+----------------------------------+-----------------+------------------------+-----------------------------------------------------+---------+
; File Name with User-Entered Path ; Used in Netlist ; File Type              ; File Name with Absolute Path                        ; Library ;
+----------------------------------+-----------------+------------------------+-----------------------------------------------------+---------+
; ../rtl/alarm_clk_rtl.v           ; yes             ; User Verilog HDL File  ; D:/maven_silicon_alarm_clock/rtl/alarm_clk_rtl.v    ;         ;
; ../rtl/aclk_timegen.v            ; yes             ; User Verilog HDL File  ; D:/maven_silicon_alarm_clock/rtl/aclk_timegen.v     ;         ;
; ../rtl/aclk_lcd_driver.v         ; yes             ; User Verilog HDL File  ; D:/maven_silicon_alarm_clock/rtl/aclk_lcd_driver.v  ;         ;
; ../rtl/aclk_lcd_display.v        ; yes             ; User Verilog HDL File  ; D:/maven_silicon_alarm_clock/rtl/aclk_lcd_display.v ;         ;
; ../rtl/aclk_keyreg.v             ; yes             ; User Verilog HDL File  ; D:/maven_silicon_alarm_clock/rtl/aclk_keyreg.v      ;         ;
; ../rtl/aclk_counter.v            ; yes             ; User Verilog HDL File  ; D:/maven_silicon_alarm_clock/rtl/aclk_counter.v     ;         ;
; ../rtl/aclk_controller.v         ; yes             ; User Verilog HDL File  ; D:/maven_silicon_alarm_clock/rtl/aclk_controller.v  ;         ;
; ../rtl/aclk_areg.v               ; yes             ; User Verilog HDL File  ; D:/maven_silicon_alarm_clock/rtl/aclk_areg.v        ;         ;
+----------------------------------+-----------------+------------------------+-----------------------------------------------------+---------+


+---------------------------------------------------------+
; Analysis & Synthesis Resource Usage Summary             ;
+---------------------------------------------+-----------+
; Resource                                    ; Usage     ;
+---------------------------------------------+-----------+
; Estimated Total logic elements              ; 183       ;
;                                             ;           ;
; Total combinational functions               ; 151       ;
; Logic element usage by number of LUT inputs ;           ;
;     -- 4 input functions                    ; 60        ;
;     -- 3 input functions                    ; 59        ;
;     -- <=2 input functions                  ; 32        ;
;                                             ;           ;
; Logic elements by mode                      ;           ;
;     -- normal mode                          ; 132       ;
;     -- arithmetic mode                      ; 19        ;
;                                             ;           ;
; Total registers                             ; 79        ;
;     -- Dedicated logic registers            ; 79        ;
;     -- I/O registers                        ; 0         ;
;                                             ;           ;
; I/O pins                                    ; 42        ;
;                                             ;           ;
; Embedded Multiplier 9-bit elements          ; 0         ;
;                                             ;           ;
; Maximum fan-out node                        ; clk~input ;
; Maximum fan-out                             ; 79        ;
; Total fan-out                               ; 841       ;
; Average fan-out                             ; 2.68      ;
+---------------------------------------------+-----------+


+-----------------------------------------------------------------------------------------------------------------------------------------------------------------------------------------------------------------------------------------------------------------------------------------------+
; Analysis & Synthesis Resource Utilization by Entity                                                                                                                                                                                                                                           ;
+-----------------------------------+---------------------+---------------------------+-------------+------------+--------------+---------+-----------+------+--------------+------------+--------------------------------------------------------------------+------------------+--------------+
; Compilation Hierarchy Node        ; Combinational ALUTs ; Dedicated Logic Registers ; Memory Bits ; UFM Blocks ; DSP Elements ; DSP 9x9 ; DSP 18x18 ; Pins ; Virtual Pins ; ADC blocks ; Full Hierarchy Name                                                ; Entity Name      ; Library Name ;
+-----------------------------------+---------------------+---------------------------+-------------+------------+--------------+---------+-----------+------+--------------+------------+--------------------------------------------------------------------+------------------+--------------+
; |alarm_clk_rtl                    ; 151 (0)             ; 79 (0)                    ; 0           ; 0          ; 0            ; 0       ; 0         ; 42   ; 0            ; 0          ; |alarm_clk_rtl                                                     ; alarm_clk_rtl    ; work         ;
;    |aclk_areg:areg|               ; 0 (0)               ; 16 (16)                   ; 0           ; 0          ; 0            ; 0       ; 0         ; 0    ; 0            ; 0          ; |alarm_clk_rtl|aclk_areg:areg                                      ; aclk_areg        ; work         ;
;    |aclk_controller:controller|   ; 27 (27)             ; 15 (15)                   ; 0           ; 0          ; 0            ; 0       ; 0         ; 0    ; 0            ; 0          ; |alarm_clk_rtl|aclk_controller:controller                          ; aclk_controller  ; work         ;
;    |aclk_counter:counter|         ; 46 (46)             ; 16 (16)                   ; 0           ; 0          ; 0            ; 0       ; 0         ; 0    ; 0            ; 0          ; |alarm_clk_rtl|aclk_counter:counter                                ; aclk_counter     ; work         ;
;    |aclk_keyreg:keyreg|           ; 0 (0)               ; 16 (16)                   ; 0           ; 0          ; 0            ; 0       ; 0         ; 0    ; 0            ; 0          ; |alarm_clk_rtl|aclk_keyreg:keyreg                                  ; aclk_keyreg      ; work         ;
;    |aclk_lcd_display:lcd_display| ; 55 (10)             ; 0 (0)                     ; 0           ; 0          ; 0            ; 0       ; 0         ; 0    ; 0            ; 0          ; |alarm_clk_rtl|aclk_lcd_display:lcd_display                        ; aclk_lcd_display ; work         ;
;       |aclk_lcd_driver:LS_HR|     ; 11 (11)             ; 0 (0)                     ; 0           ; 0          ; 0            ; 0       ; 0         ; 0    ; 0            ; 0          ; |alarm_clk_rtl|aclk_lcd_display:lcd_display|aclk_lcd_driver:LS_HR  ; aclk_lcd_driver  ; work         ;
;       |aclk_lcd_driver:LS_MIN|    ; 11 (11)             ; 0 (0)                     ; 0           ; 0          ; 0            ; 0       ; 0         ; 0    ; 0            ; 0          ; |alarm_clk_rtl|aclk_lcd_display:lcd_display|aclk_lcd_driver:LS_MIN ; aclk_lcd_driver  ; work         ;
;       |aclk_lcd_driver:MS_HR|     ; 11 (11)             ; 0 (0)                     ; 0           ; 0          ; 0            ; 0       ; 0         ; 0    ; 0            ; 0          ; |alarm_clk_rtl|aclk_lcd_display:lcd_display|aclk_lcd_driver:MS_HR  ; aclk_lcd_driver  ; work         ;
;       |aclk_lcd_driver:MS_MIN|    ; 12 (12)             ; 0 (0)                     ; 0           ; 0          ; 0            ; 0       ; 0         ; 0    ; 0            ; 0          ; |alarm_clk_rtl|aclk_lcd_display:lcd_display|aclk_lcd_driver:MS_MIN ; aclk_lcd_driver  ; work         ;
;    |aclk_timegen:timegen|         ; 23 (23)             ; 16 (16)                   ; 0           ; 0          ; 0            ; 0       ; 0         ; 0    ; 0            ; 0          ; |alarm_clk_rtl|aclk_timegen:timegen                                ; aclk_timegen     ; work         ;
+-----------------------------------+---------------------+---------------------------+-------------+------------+--------------+---------+-----------+------+--------------+------------+--------------------------------------------------------------------+------------------+--------------+
Note: For table entries with two numbers listed, the numbers in parentheses indicate the number of resources of the given type used by the specific entity alone. The numbers listed outside of parentheses indicate the total resources of the given type used by the specific entity and all of its sub-entities in the hierarchy.


Encoding Type:  One-Hot
+---------------------------------------------------------------------------------------------------------------------------------------------------------------------+
; State Machine - |alarm_clk_rtl|aclk_controller:controller|state                                                                                                     ;
+------------------------+------------------+------------------------+----------------------+------------------+------------------+-----------------+-----------------+
; Name                   ; state.KEY_WAITED ; state.SET_CURRENT_TIME ; state.SET_ALARM_TIME ; state.SHOW_ALARM ; state.KEY_STORED ; state.KEY_ENTRY ; state.SHOW_TIME ;
+------------------------+------------------+------------------------+----------------------+------------------+------------------+-----------------+-----------------+
; state.SHOW_TIME        ; 0                ; 0                      ; 0                    ; 0                ; 0                ; 0               ; 0               ;
; state.KEY_ENTRY        ; 0                ; 0                      ; 0                    ; 0                ; 0                ; 1               ; 1               ;
; state.KEY_STORED       ; 0                ; 0                      ; 0                    ; 0                ; 1                ; 0               ; 1               ;
; state.SHOW_ALARM       ; 0                ; 0                      ; 0                    ; 1                ; 0                ; 0               ; 1               ;
; state.SET_ALARM_TIME   ; 0                ; 0                      ; 1                    ; 0                ; 0                ; 0               ; 1               ;
; state.SET_CURRENT_TIME ; 0                ; 1                      ; 0                    ; 0                ; 0                ; 0               ; 1               ;
; state.KEY_WAITED       ; 1                ; 0                      ; 0                    ; 0                ; 0                ; 0               ; 1               ;
+------------------------+------------------+------------------------+----------------------+------------------+------------------+-----------------+-----------------+


+------------------------------------------------------------+
; Registers Removed During Synthesis                         ;
+---------------------------------------+--------------------+
; Register name                         ; Reason for Removal ;
+---------------------------------------+--------------------+
; aclk_controller:controller|state~4    ; Lost fanout        ;
; aclk_controller:controller|state~5    ; Lost fanout        ;
; aclk_controller:controller|state~6    ; Lost fanout        ;
; Total Number of Removed Registers = 3 ;                    ;
+---------------------------------------+--------------------+


+------------------------------------------------------+
; General Register Statistics                          ;
+----------------------------------------------+-------+
; Statistic                                    ; Value ;
+----------------------------------------------+-------+
; Total registers                              ; 79    ;
; Number of registers using Synchronous Clear  ; 23    ;
; Number of registers using Synchronous Load   ; 0     ;
; Number of registers using Asynchronous Clear ; 79    ;
; Number of registers using Asynchronous Load  ; 0     ;
; Number of registers using Clock Enable       ; 44    ;
; Number of registers using Preset             ; 0     ;
+----------------------------------------------+-------+


+---------------------------------------------------------------------------------------------------------------------------------------------------------------------------------------------------+
; Multiplexer Restructuring Statistics (Restructuring Performed)                                                                                                                                    ;
+--------------------+-----------+---------------+----------------------+------------------------+------------+-------------------------------------------------------------------------------------+
; Multiplexer Inputs ; Bus Width ; Baseline Area ; Area if Restructured ; Saving if Restructured ; Registered ; Example Multiplexer Output                                                          ;
+--------------------+-----------+---------------+----------------------+------------------------+------------+-------------------------------------------------------------------------------------+
; 3:1                ; 4 bits    ; 8 LEs         ; 4 LEs                ; 4 LEs                  ; Yes        ; |alarm_clk_rtl|aclk_controller:controller|count0[1]                                 ;
; 3:1                ; 4 bits    ; 8 LEs         ; 4 LEs                ; 4 LEs                  ; Yes        ; |alarm_clk_rtl|aclk_controller:controller|count1[0]                                 ;
; 3:1                ; 14 bits   ; 28 LEs        ; 14 LEs               ; 14 LEs                 ; Yes        ; |alarm_clk_rtl|aclk_timegen:timegen|counter[0]                                      ;
; 5:1                ; 4 bits    ; 12 LEs        ; 8 LEs                ; 4 LEs                  ; Yes        ; |alarm_clk_rtl|aclk_counter:counter|current_time_ms_hr[3]                           ;
; 6:1                ; 4 bits    ; 16 LEs        ; 8 LEs                ; 8 LEs                  ; Yes        ; |alarm_clk_rtl|aclk_counter:counter|current_time_ls_hr[2]                           ;
; 7:1                ; 4 bits    ; 16 LEs        ; 8 LEs                ; 8 LEs                  ; Yes        ; |alarm_clk_rtl|aclk_counter:counter|current_time_ms_min[0]                          ;
; 7:1                ; 4 bits    ; 16 LEs        ; 8 LEs                ; 8 LEs                  ; Yes        ; |alarm_clk_rtl|aclk_counter:counter|current_time_ls_min[1]                          ;
; 3:1                ; 16 bits   ; 32 LEs        ; 32 LEs               ; 0 LEs                  ; No         ; |alarm_clk_rtl|aclk_lcd_display:lcd_display|aclk_lcd_driver:LS_MIN|display_value[0] ;
; 4:1                ; 2 bits    ; 4 LEs         ; 2 LEs                ; 2 LEs                  ; No         ; |alarm_clk_rtl|aclk_controller:controller|next_state                                ;
+--------------------+-----------+---------------+----------------------+------------------------+------------+-------------------------------------------------------------------------------------+


+-------------------------------------------------------------------------+
; Parameter Settings for User Entity Instance: aclk_controller:controller ;
+------------------+-------+----------------------------------------------+
; Parameter Name   ; Value ; Type                                         ;
+------------------+-------+----------------------------------------------+
; SHOW_TIME        ; 000   ; Unsigned Binary                              ;
; KEY_ENTRY        ; 001   ; Unsigned Binary                              ;
; KEY_STORED       ; 010   ; Unsigned Binary                              ;
; SHOW_ALARM       ; 011   ; Unsigned Binary                              ;
; SET_ALARM_TIME   ; 100   ; Unsigned Binary                              ;
; SET_CURRENT_TIME ; 101   ; Unsigned Binary                              ;
; KEY_WAITED       ; 110   ; Unsigned Binary                              ;
; NOKEY            ; 10    ; Signed Integer                               ;
+------------------+-------+----------------------------------------------+
Note: In order to hide this table in the UI and the text report file, please set the "Show Parameter Settings in Synthesis Report" option in "Analysis and Synthesis Settings -> More Settings" to "Off".


+-------------------------------------------------------------------------------------------------+
; Parameter Settings for User Entity Instance: aclk_lcd_display:lcd_display|aclk_lcd_driver:MS_HR ;
+----------------+----------+---------------------------------------------------------------------+
; Parameter Name ; Value    ; Type                                                                ;
+----------------+----------+---------------------------------------------------------------------+
; ZERO           ; 00110000 ; Unsigned Binary                                                     ;
; ONE            ; 00110001 ; Unsigned Binary                                                     ;
; TWO            ; 00110010 ; Unsigned Binary                                                     ;
; THREE          ; 00110011 ; Unsigned Binary                                                     ;
; FOUR           ; 00110100 ; Unsigned Binary                                                     ;
; FIVE           ; 00110101 ; Unsigned Binary                                                     ;
; SIX            ; 00110110 ; Unsigned Binary                                                     ;
; SEVEN          ; 00110111 ; Unsigned Binary                                                     ;
; EIGHT          ; 00111000 ; Unsigned Binary                                                     ;
; NINE           ; 00111001 ; Unsigned Binary                                                     ;
; ERROR          ; 00111010 ; Unsigned Binary                                                     ;
+----------------+----------+---------------------------------------------------------------------+
Note: In order to hide this table in the UI and the text report file, please set the "Show Parameter Settings in Synthesis Report" option in "Analysis and Synthesis Settings -> More Settings" to "Off".


+-------------------------------------------------------------------------------------------------+
; Parameter Settings for User Entity Instance: aclk_lcd_display:lcd_display|aclk_lcd_driver:LS_HR ;
+----------------+----------+---------------------------------------------------------------------+
; Parameter Name ; Value    ; Type                                                                ;
+----------------+----------+---------------------------------------------------------------------+
; ZERO           ; 00110000 ; Unsigned Binary                                                     ;
; ONE            ; 00110001 ; Unsigned Binary                                                     ;
; TWO            ; 00110010 ; Unsigned Binary                                                     ;
; THREE          ; 00110011 ; Unsigned Binary                                                     ;
; FOUR           ; 00110100 ; Unsigned Binary                                                     ;
; FIVE           ; 00110101 ; Unsigned Binary                                                     ;
; SIX            ; 00110110 ; Unsigned Binary                                                     ;
; SEVEN          ; 00110111 ; Unsigned Binary                                                     ;
; EIGHT          ; 00111000 ; Unsigned Binary                                                     ;
; NINE           ; 00111001 ; Unsigned Binary                                                     ;
; ERROR          ; 00111010 ; Unsigned Binary                                                     ;
+----------------+----------+---------------------------------------------------------------------+
Note: In order to hide this table in the UI and the text report file, please set the "Show Parameter Settings in Synthesis Report" option in "Analysis and Synthesis Settings -> More Settings" to "Off".


+--------------------------------------------------------------------------------------------------+
; Parameter Settings for User Entity Instance: aclk_lcd_display:lcd_display|aclk_lcd_driver:MS_MIN ;
+----------------+----------+----------------------------------------------------------------------+
; Parameter Name ; Value    ; Type                                                                 ;
+----------------+----------+----------------------------------------------------------------------+
; ZERO           ; 00110000 ; Unsigned Binary                                                      ;
; ONE            ; 00110001 ; Unsigned Binary                                                      ;
; TWO            ; 00110010 ; Unsigned Binary                                                      ;
; THREE          ; 00110011 ; Unsigned Binary                                                      ;
; FOUR           ; 00110100 ; Unsigned Binary                                                      ;
; FIVE           ; 00110101 ; Unsigned Binary                                                      ;
; SIX            ; 00110110 ; Unsigned Binary                                                      ;
; SEVEN          ; 00110111 ; Unsigned Binary                                                      ;
; EIGHT          ; 00111000 ; Unsigned Binary                                                      ;
; NINE           ; 00111001 ; Unsigned Binary                                                      ;
; ERROR          ; 00111010 ; Unsigned Binary                                                      ;
+----------------+----------+----------------------------------------------------------------------+
Note: In order to hide this table in the UI and the text report file, please set the "Show Parameter Settings in Synthesis Report" option in "Analysis and Synthesis Settings -> More Settings" to "Off".


+--------------------------------------------------------------------------------------------------+
; Parameter Settings for User Entity Instance: aclk_lcd_display:lcd_display|aclk_lcd_driver:LS_MIN ;
+----------------+----------+----------------------------------------------------------------------+
; Parameter Name ; Value    ; Type                                                                 ;
+----------------+----------+----------------------------------------------------------------------+
; ZERO           ; 00110000 ; Unsigned Binary                                                      ;
; ONE            ; 00110001 ; Unsigned Binary                                                      ;
; TWO            ; 00110010 ; Unsigned Binary                                                      ;
; THREE          ; 00110011 ; Unsigned Binary                                                      ;
; FOUR           ; 00110100 ; Unsigned Binary                                                      ;
; FIVE           ; 00110101 ; Unsigned Binary                                                      ;
; SIX            ; 00110110 ; Unsigned Binary                                                      ;
; SEVEN          ; 00110111 ; Unsigned Binary                                                      ;
; EIGHT          ; 00111000 ; Unsigned Binary                                                      ;
; NINE           ; 00111001 ; Unsigned Binary                                                      ;
; ERROR          ; 00111010 ; Unsigned Binary                                                      ;
+----------------+----------+----------------------------------------------------------------------+
Note: In order to hide this table in the UI and the text report file, please set the "Show Parameter Settings in Synthesis Report" option in "Analysis and Synthesis Settings -> More Settings" to "Off".


+-----------------------------------------------------+
; Post-Synthesis Netlist Statistics for Top Partition ;
+-----------------------+-----------------------------+
; Type                  ; Count                       ;
+-----------------------+-----------------------------+
; boundary_port         ; 42                          ;
; cycloneiii_ff         ; 79                          ;
;     CLR               ; 12                          ;
;     CLR SCLR          ; 23                          ;
;     ENA CLR           ; 44                          ;
; cycloneiii_lcell_comb ; 153                         ;
;     arith             ; 19                          ;
;         2 data inputs ; 17                          ;
;         3 data inputs ; 2                           ;
;     normal            ; 134                         ;
;         0 data inputs ; 2                           ;
;         1 data inputs ; 3                           ;
;         2 data inputs ; 12                          ;
;         3 data inputs ; 57                          ;
;         4 data inputs ; 60                          ;
;                       ;                             ;
; Max LUT depth         ; 6.00                        ;
; Average LUT depth     ; 2.89                        ;
+-----------------------+-----------------------------+


+-------------------------------+
; Elapsed Time Per Partition    ;
+----------------+--------------+
; Partition Name ; Elapsed Time ;
+----------------+--------------+
; Top            ; 00:00:00     ;
+----------------+--------------+


+-------------------------------+
; Analysis & Synthesis Messages ;
+-------------------------------+
Info: *******************************************************************
Info: Running Quartus Prime Analysis & Synthesis
    Info: Version 23.1std.1 Build 993 05/14/2024 SC Standard Edition
    Info: Processing started: Mon Sep 30 19:40:36 2024
Info: Command: quartus_map --read_settings_files=on --write_settings_files=off alarmclock -c alarm_clk_rtl
Warning (18236): Number of processors has not been specified which may cause overloading on shared machines.  Set the global assignment NUM_PARALLEL_PROCESSORS in your QSF to an appropriate value for best performance.
Info (20030): Parallel compilation is enabled and will use 8 of the 8 processors detected
Info (12021): Found 1 design units, including 1 entities, in source file /maven_silicon_alarm_clock/rtl/alarm_clk_rtl.v
    Info (12023): Found entity 1: alarm_clk_rtl File: D:/maven_silicon_alarm_clock/rtl/alarm_clk_rtl.v Line: 1
Info (12021): Found 1 design units, including 1 entities, in source file /maven_silicon_alarm_clock/rtl/aclk_timegen.v
    Info (12023): Found entity 1: aclk_timegen File: D:/maven_silicon_alarm_clock/rtl/aclk_timegen.v Line: 1
Info (12021): Found 1 design units, including 1 entities, in source file /maven_silicon_alarm_clock/rtl/aclk_lcd_driver.v
    Info (12023): Found entity 1: aclk_lcd_driver File: D:/maven_silicon_alarm_clock/rtl/aclk_lcd_driver.v Line: 1
Info (12021): Found 1 design units, including 1 entities, in source file /maven_silicon_alarm_clock/rtl/aclk_lcd_display.v
    Info (12023): Found entity 1: aclk_lcd_display File: D:/maven_silicon_alarm_clock/rtl/aclk_lcd_display.v Line: 1
Info (12021): Found 1 design units, including 1 entities, in source file /maven_silicon_alarm_clock/rtl/aclk_keyreg.v
    Info (12023): Found entity 1: aclk_keyreg File: D:/maven_silicon_alarm_clock/rtl/aclk_keyreg.v Line: 1
Info (12021): Found 1 design units, including 1 entities, in source file /maven_silicon_alarm_clock/rtl/aclk_counter.v
    Info (12023): Found entity 1: aclk_counter File: D:/maven_silicon_alarm_clock/rtl/aclk_counter.v Line: 1
Info (12021): Found 1 design units, including 1 entities, in source file /maven_silicon_alarm_clock/rtl/aclk_controller.v
    Info (12023): Found entity 1: aclk_controller File: D:/maven_silicon_alarm_clock/rtl/aclk_controller.v Line: 1
Info (12021): Found 1 design units, including 1 entities, in source file /maven_silicon_alarm_clock/rtl/aclk_areg.v
    Info (12023): Found entity 1: aclk_areg File: D:/maven_silicon_alarm_clock/rtl/aclk_areg.v Line: 1
Info (12127): Elaborating entity "alarm_clk_rtl" for the top level hierarchy
Info (12128): Elaborating entity "aclk_timegen" for hierarchy "aclk_timegen:timegen" File: D:/maven_silicon_alarm_clock/rtl/alarm_clk_rtl.v Line: 14
Info (12128): Elaborating entity "aclk_counter" for hierarchy "aclk_counter:counter" File: D:/maven_silicon_alarm_clock/rtl/alarm_clk_rtl.v Line: 15
Info (12128): Elaborating entity "aclk_areg" for hierarchy "aclk_areg:areg" File: D:/maven_silicon_alarm_clock/rtl/alarm_clk_rtl.v Line: 16
Info (12128): Elaborating entity "aclk_keyreg" for hierarchy "aclk_keyreg:keyreg" File: D:/maven_silicon_alarm_clock/rtl/alarm_clk_rtl.v Line: 17
Info (12128): Elaborating entity "aclk_controller" for hierarchy "aclk_controller:controller" File: D:/maven_silicon_alarm_clock/rtl/alarm_clk_rtl.v Line: 18
Warning (10230): Verilog HDL assignment warning at aclk_controller.v(47): truncated value with size 32 to match size of target (1) File: D:/maven_silicon_alarm_clock/rtl/aclk_controller.v Line: 47
Warning (10230): Verilog HDL assignment warning at aclk_controller.v(91): truncated value with size 32 to match size of target (1) File: D:/maven_silicon_alarm_clock/rtl/aclk_controller.v Line: 91
Warning (10230): Verilog HDL assignment warning at aclk_controller.v(92): truncated value with size 32 to match size of target (1) File: D:/maven_silicon_alarm_clock/rtl/aclk_controller.v Line: 92
Warning (10230): Verilog HDL assignment warning at aclk_controller.v(93): truncated value with size 32 to match size of target (1) File: D:/maven_silicon_alarm_clock/rtl/aclk_controller.v Line: 93
Warning (10230): Verilog HDL assignment warning at aclk_controller.v(94): truncated value with size 32 to match size of target (1) File: D:/maven_silicon_alarm_clock/rtl/aclk_controller.v Line: 94
Warning (10230): Verilog HDL assignment warning at aclk_controller.v(95): truncated value with size 32 to match size of target (1) File: D:/maven_silicon_alarm_clock/rtl/aclk_controller.v Line: 95
Warning (10230): Verilog HDL assignment warning at aclk_controller.v(96): truncated value with size 32 to match size of target (1) File: D:/maven_silicon_alarm_clock/rtl/aclk_controller.v Line: 96
Info (12128): Elaborating entity "aclk_lcd_display" for hierarchy "aclk_lcd_display:lcd_display" File: D:/maven_silicon_alarm_clock/rtl/alarm_clk_rtl.v Line: 39
Info (12128): Elaborating entity "aclk_lcd_driver" for hierarchy "aclk_lcd_display:lcd_display|aclk_lcd_driver:MS_HR" File: D:/maven_silicon_alarm_clock/rtl/aclk_lcd_display.v Line: 46
Warning (13024): Output pins are stuck at VCC or GND
    Warning (13410): Pin "display_ms_hr[4]" is stuck at VCC File: D:/maven_silicon_alarm_clock/rtl/alarm_clk_rtl.v Line: 6
    Warning (13410): Pin "display_ms_hr[5]" is stuck at VCC File: D:/maven_silicon_alarm_clock/rtl/alarm_clk_rtl.v Line: 6
    Warning (13410): Pin "display_ms_hr[6]" is stuck at GND File: D:/maven_silicon_alarm_clock/rtl/alarm_clk_rtl.v Line: 6
    Warning (13410): Pin "display_ms_hr[7]" is stuck at GND File: D:/maven_silicon_alarm_clock/rtl/alarm_clk_rtl.v Line: 6
    Warning (13410): Pin "display_ls_hr[4]" is stuck at VCC File: D:/maven_silicon_alarm_clock/rtl/alarm_clk_rtl.v Line: 6
    Warning (13410): Pin "display_ls_hr[5]" is stuck at VCC File: D:/maven_silicon_alarm_clock/rtl/alarm_clk_rtl.v Line: 6
    Warning (13410): Pin "display_ls_hr[6]" is stuck at GND File: D:/maven_silicon_alarm_clock/rtl/alarm_clk_rtl.v Line: 6
    Warning (13410): Pin "display_ls_hr[7]" is stuck at GND File: D:/maven_silicon_alarm_clock/rtl/alarm_clk_rtl.v Line: 6
    Warning (13410): Pin "display_ms_min[4]" is stuck at VCC File: D:/maven_silicon_alarm_clock/rtl/alarm_clk_rtl.v Line: 6
    Warning (13410): Pin "display_ms_min[5]" is stuck at VCC File: D:/maven_silicon_alarm_clock/rtl/alarm_clk_rtl.v Line: 6
    Warning (13410): Pin "display_ms_min[6]" is stuck at GND File: D:/maven_silicon_alarm_clock/rtl/alarm_clk_rtl.v Line: 6
    Warning (13410): Pin "display_ms_min[7]" is stuck at GND File: D:/maven_silicon_alarm_clock/rtl/alarm_clk_rtl.v Line: 6
    Warning (13410): Pin "display_ls_min[4]" is stuck at VCC File: D:/maven_silicon_alarm_clock/rtl/alarm_clk_rtl.v Line: 6
    Warning (13410): Pin "display_ls_min[5]" is stuck at VCC File: D:/maven_silicon_alarm_clock/rtl/alarm_clk_rtl.v Line: 6
    Warning (13410): Pin "display_ls_min[6]" is stuck at GND File: D:/maven_silicon_alarm_clock/rtl/alarm_clk_rtl.v Line: 6
    Warning (13410): Pin "display_ls_min[7]" is stuck at GND File: D:/maven_silicon_alarm_clock/rtl/alarm_clk_rtl.v Line: 6
Info (286030): Timing-Driven Synthesis is running
Info (17049): 3 registers lost all their fanouts during netlist optimizations.
Info (16010): Generating hard_block partition "hard_block:auto_generated_inst"
    Info (16011): Adding 0 node(s), including 0 DDIO, 0 PLL, 0 transceiver and 0 LCELL
Info (21057): Implemented 225 device resources after synthesis - the final resource count might be different
    Info (21058): Implemented 9 input pins
    Info (21059): Implemented 33 output pins
    Info (21061): Implemented 183 logic cells
Info: Quartus Prime Analysis & Synthesis was successful. 0 errors, 25 warnings
    Info: Peak virtual memory: 4804 megabytes
    Info: Processing ended: Mon Sep 30 19:40:43 2024
    Info: Elapsed time: 00:00:07
    Info: Total CPU time (on all processors): 00:00:03


